Arguments: 
  C:\Program Files\nodejs\node.exe C:\Program Files\nodejs\node_modules\yarn\bin\yarn.js init

PATH: 
  C:\Users\bielertc\AppData\Local\Programs\Git\mingw64\bin;C:\Users\bielertc\AppData\Local\Programs\Git\usr\bin;C:\Users\bielertc\bin;C:\Windows\system32;C:\Windows;C:\Windows\System32\Wbem;C:\Windows\System32\WindowsPowerShell\v1.0;C:\Users\bielertc\AppData\Roaming\nvm;C:\Program Files\nodejs;C:\Users\bielertc\AppData\Local\Microsoft\WindowsApps;C:\Users\bielertc\AppData\Roaming\nvm;C:\Program Files\nodejs;C:\Users\bielertc\AppData\Local\Programs\Git\cmd;C:\Users\bielertc\AppData\Local\Programs\Microsoft VS Code\bin;C:\Program Files\Docker Toolbox

Yarn version: 
  1.19.1

Node version: 
  10.15.2

Platform: 
  win32 x64

Trace: 
  Error: canceled
      at Interface.<anonymous> (C:\Users\bielertc\AppData\Roaming\nvm\v10.15.2\node_modules\yarn\lib\cli.js:136824:13)
      at Interface.emit (events.js:189:13)
      at Interface._ttyWrite (readline.js:783:16)
      at ReadStream.onkeypress (readline.js:168:10)
      at ReadStream.emit (events.js:189:13)
      at emitKeys (internal/readline.js:424:14)
      at emitKeys.next (<anonymous>)
      at ReadStream.onData (readline.js:1022:36)
      at ReadStream.emit (events.js:189:13)
      at addChunk (_stream_readable.js:284:12)

npm manifest: 
  No manifest

yarn manifest: 
  No manifest

Lockfile: 
  No lockfile
